Log file open, 09/25/18 17:58:44
LogWindows: Failed to load 'aqProf.dll' (GetLastError=126)
LogWindows: File 'aqProf.dll' does not exist
LogWindows: Failed to load 'VtuneApi.dll' (GetLastError=126)
LogWindows: File 'VtuneApi.dll' does not exist
LogWindows: Failed to load 'VtuneApi32e.dll' (GetLastError=126)
LogWindows: File 'VtuneApi32e.dll' does not exist
LogInit: Display: Running engine for game: FIT2097_A2
LogPlatformFile: Not using cached read wrapper
LogInit: Display: RandInit(2139499463) SRandInit(2139499463).
LogInit: Read version file with build ID '3944462'
LogInit: Overriding engine version to CL 4033788, compatible CL 3944462
LogInit: Registered custom module enumerator with build ID '3944462'
LogTaskGraph: Started task graph with 5 named threads and 23 total threads with 3 sets of task threads.
LogStats: Stats thread started at 0.359650
LogD3D11RHI: Aftermath initialized
LogICUInternationalization: Display: ICU TimeZone Detection - Raw Offset: +10:00, Platform Override: ''
LogPluginManager: Mounting plugin Paper2D
LogPluginManager: Mounting plugin LiveLink
LogPluginManager: Mounting plugin LightPropagationVolume
LogPluginManager: Mounting plugin CLionSourceCodeAccess
LogPluginManager: Mounting plugin CodeLiteSourceCodeAccess
LogPluginManager: Mounting plugin GitSourceControl
LogPluginManager: Mounting plugin KDevelopSourceCodeAccess
LogPluginManager: Mounting plugin NullSourceCodeAccess
LogPluginManager: Mounting plugin PerforceSourceControl
LogPluginManager: Mounting plugin SubversionSourceControl
LogPluginManager: Mounting plugin UObjectPlugin
LogPluginManager: Mounting plugin VisualStudioCodeSourceCodeAccess
LogPluginManager: Mounting plugin VisualStudioSourceCodeAccess
LogPluginManager: Mounting plugin XCodeSourceCodeAccess
LogPluginManager: Mounting plugin AssetManagerEditor
LogPluginManager: Mounting plugin CryptoKeys
LogPluginManager: Mounting plugin DataValidation
LogPluginManager: Mounting plugin FacialAnimation
LogPluginManager: Mounting plugin GameplayTagsEditor
LogPluginManager: Mounting plugin MobileLauncherProfileWizard
LogPluginManager: Mounting plugin PluginBrowser
LogPluginManager: Mounting plugin SpeedTreeImporter
LogPluginManager: Mounting plugin DatasmithContent
LogPluginManager: Mounting plugin AlembicImporter
LogPluginManager: Mounting plugin CharacterAI
LogPluginManager: Mounting plugin HTML5Networking
LogPluginManager: Mounting plugin AndroidMedia
LogPluginManager: Mounting plugin AvfMedia
LogPluginManager: Mounting plugin ImgMedia
LogPluginManager: Mounting plugin LinearTimecode
LogPluginManager: Mounting plugin MediaCompositing
LogPluginManager: Mounting plugin MediaPlayerEditor
LogPluginManager: Mounting plugin WmfMedia
LogPluginManager: Mounting plugin TcpMessaging
LogPluginManager: Mounting plugin UdpMessaging
LogPluginManager: Mounting plugin ActorSequence
LogPluginManager: Mounting plugin LevelSequenceEditor
LogPluginManager: Mounting plugin MatineeToLevelSequence
LogPluginManager: Mounting plugin NetcodeUnitTest
LogPluginManager: Mounting plugin NUTUnrealEngine4
LogPluginManager: Mounting plugin OnlineSubsystemGooglePlay
LogPluginManager: Mounting plugin OnlineSubsystemIOS
LogPluginManager: Mounting plugin OnlineSubsystem
LogPluginManager: Mounting plugin OnlineSubsystemNull
LogPluginManager: Mounting plugin OnlineSubsystemUtils
LogPluginManager: Mounting plugin AndroidDeviceProfileSelector
LogPluginManager: Mounting plugin AndroidMoviePlayer
LogPluginManager: Mounting plugin AndroidPermission
LogPluginManager: Mounting plugin AppleARKit
LogPluginManager: Mounting plugin AppleMoviePlayer
LogPluginManager: Mounting plugin ArchVisCharacter
LogPluginManager: Mounting plugin AudioCapture
LogPluginManager: Mounting plugin CableComponent
LogPluginManager: Mounting plugin CustomMeshComponent
LogPluginManager: Mounting plugin ExampleDeviceProfileSelector
LogPluginManager: Mounting plugin GoogleCloudMessaging
LogPluginManager: Mounting plugin ImmediatePhysics
LogPluginManager: Mounting plugin IOSDeviceProfileSelector
LogPluginManager: Mounting plugin LinuxDeviceProfileSelector
LogPluginManager: Mounting plugin LocationServicesBPLibrary
LogPluginManager: Mounting plugin MobilePatchingUtils
LogPluginManager: Mounting plugin OculusVR
LogPluginManager: Plugin shader directory ../../../Engine/Plugins/Runtime/Oculus/OculusVR/Shaders found
LogPluginManager: Mapping shader source directory ../../../Engine/Plugins/Runtime/Oculus/OculusVR/Shaders to virtual directory /Plugin/OculusVR
LogPluginManager: Mounting plugin PhysXVehicles
LogPluginManager: Mounting plugin ProceduralMeshComponent
LogPluginManager: Mounting plugin RuntimePhysXCooking
LogPluginManager: Mounting plugin SteamVR
LogPluginManager: Mounting plugin WindowsMoviePlayer
LogStreaming: Display: Took  0.234s to configure plugins.
LogModuleManager: Display: Found up-to-date module file E:/Uni/Semester 2/FIT2097/Assignment2/FIT2047_Assignment2_MaxwellGrinyov/FIT2097_A2/Binaries/Win64/UE4Editor-FIT2097_A2.dll (API version 3944462).
LogModuleManager: Display: Found up-to-date module file ../../../Engine/Plugins/2D/Paper2D/Binaries/Win64/UE4Editor-Paper2D.dll (API version 3944462).
LogModuleManager: Display: Found up-to-date module file ../../../Engine/Plugins/2D/Paper2D/Binaries/Win64/UE4Editor-Paper2DEditor.dll (API version 3944462).
LogModuleManager: Display: Found up-to-date module file ../../../Engine/Plugins/2D/Paper2D/Binaries/Win64/UE4Editor-PaperSpriteSheetImporter.dll (API version 3944462).
LogModuleManager: Display: Found up-to-date module file ../../../Engine/Plugins/2D/Paper2D/Binaries/Win64/UE4Editor-PaperTiledImporter.dll (API version 3944462).
LogModuleManager: Display: Found up-to-date module file ../../../Engine/Plugins/2D/Paper2D/Binaries/Win64/UE4Editor-SmartSnapping.dll (API version 3944462).
LogModuleManager: Display: Found up-to-date module file ../../../Engine/Plugins/Animation/LiveLink/Binaries/Win64/UE4Editor-LiveLink.dll (API version 3944462).
LogModuleManager: Display: Found up-to-date module file ../../../Engine/Plugins/Animation/LiveLink/Binaries/Win64/UE4Editor-LiveLinkEditor.dll (API version 3944462).
LogModuleManager: Display: Found up-to-date module file ../../../Engine/Plugins/Blendables/LightPropagationVolume/Binaries/Win64/UE4Editor-LightPropagationVolumeRuntime.dll (API version 3944462).
LogModuleManager: Display: Found up-to-date module file ../../../Engine/Plugins/Blendables/LightPropagationVolume/Binaries/Win64/UE4Editor-LightPropagationVolumeEditor.dll (API version 3944462).
LogModuleManager: Display: Found up-to-date module file ../../../Engine/Plugins/Developer/CLionSourceCodeAccess/Binaries/Win64/UE4Editor-CLionSourceCodeAccess.dll (API version 3944462).
LogModuleManager: Display: Found up-to-date module file ../../../Engine/Plugins/Developer/GitSourceControl/Binaries/Win64/UE4Editor-GitSourceControl.dll (API version 3944462).
LogModuleManager: Display: Found up-to-date module file ../../../Engine/Plugins/Developer/PerforceSourceControl/Binaries/Win64/UE4Editor-PerforceSourceControl.dll (API version 3944462).
LogModuleManager: Display: Found up-to-date module file ../../../Engine/Plugins/Developer/SubversionSourceControl/Binaries/Win64/UE4Editor-SubversionSourceControl.dll (API version 3944462).
LogModuleManager: Display: Found up-to-date module file ../../../Engine/Plugins/Developer/UObjectPlugin/Binaries/Win64/UE4Editor-UObjectPlugin.dll (API version 3944462).
LogModuleManager: Display: Found up-to-date module file ../../../Engine/Plugins/Developer/VisualStudioCodeSourceCodeAccess/Binaries/Win64/UE4Editor-VisualStudioCodeSourceCodeAccess.dll (API version 3944462).
LogModuleManager: Display: Found up-to-date module file ../../../Engine/Plugins/Developer/VisualStudioSourceCodeAccess/Binaries/Win64/UE4Editor-VisualStudioSourceCodeAccess.dll (API version 3944462).
LogModuleManager: Display: Found up-to-date module file ../../../Engine/Plugins/Editor/AssetManagerEditor/Binaries/Win64/UE4Editor-AssetManagerEditor.dll (API version 3944462).
LogModuleManager: Display: Found up-to-date module file ../../../Engine/Plugins/Editor/CryptoKeys/Binaries/Win64/UE4Editor-CryptoKeys.dll (API version 3944462).
LogModuleManager: Display: Found up-to-date module file ../../../Engine/Plugins/Editor/CryptoKeys/Binaries/Win64/UE4Editor-CryptoKeysOpenSSL.dll (API version 3944462).
LogModuleManager: Display: Found up-to-date module file ../../../Engine/Plugins/Editor/DataValidation/Binaries/Win64/UE4Editor-DataValidation.dll (API version 3944462).
LogModuleManager: Display: Found up-to-date module file ../../../Engine/Plugins/Editor/FacialAnimation/Binaries/Win64/UE4Editor-FacialAnimation.dll (API version 3944462).
LogModuleManager: Display: Found up-to-date module file ../../../Engine/Plugins/Editor/FacialAnimation/Binaries/Win64/UE4Editor-FacialAnimationEditor.dll (API version 3944462).
LogModuleManager: Display: Found up-to-date module file ../../../Engine/Plugins/Editor/GameplayTagsEditor/Binaries/Win64/UE4Editor-GameplayTagsEditor.dll (API version 3944462).
LogModuleManager: Display: Found up-to-date module file ../../../Engine/Plugins/Editor/MobileLauncherProfileWizard/Binaries/Win64/UE4Editor-MobileLauncherProfileWizard.dll (API version 3944462).
LogModuleManager: Display: Found up-to-date module file ../../../Engine/Plugins/Editor/PluginBrowser/Binaries/Win64/UE4Editor-PluginBrowser.dll (API version 3944462).
LogModuleManager: Display: Found up-to-date module file ../../../Engine/Plugins/Editor/SpeedTreeImporter/Binaries/Win64/UE4Editor-SpeedTreeImporter.dll (API version 3944462).
LogModuleManager: Display: Found up-to-date module file ../../../Engine/Plugins/Enterprise/DatasmithContent/Binaries/Win64/UE4Editor-DatasmithContent.dll (API version 3944462).
LogModuleManager: Display: Found up-to-date module file ../../../Engine/Plugins/Experimental/AlembicImporter/Binaries/Win64/UE4Editor-AlembicImporter.dll (API version 3944462).
LogModuleManager: Display: Found up-to-date module file ../../../Engine/Plugins/Experimental/AlembicImporter/Binaries/Win64/UE4Editor-AlembicLibrary.dll (API version 3944462).
LogModuleManager: Display: Found up-to-date module file ../../../Engine/Plugins/Experimental/CharacterAI/Binaries/Win64/UE4Editor-CharacterAI.dll (API version 3944462).
LogModuleManager: Display: Found up-to-date module file ../../../Engine/Plugins/Experimental/HTML5Networking/Binaries/Win64/UE4Editor-HTML5Networking.dll (API version 3944462).
LogModuleManager: Display: Found up-to-date module file ../../../Engine/Plugins/Media/AndroidMedia/Binaries/Win64/UE4Editor-AndroidMediaEditor.dll (API version 3944462).
LogModuleManager: Display: Found up-to-date module file ../../../Engine/Plugins/Media/AndroidMedia/Binaries/Win64/UE4Editor-AndroidMediaFactory.dll (API version 3944462).
LogModuleManager: Display: Found up-to-date module file ../../../Engine/Plugins/Media/AvfMedia/Binaries/Win64/UE4Editor-AvfMediaEditor.dll (API version 3944462).
LogModuleManager: Display: Found up-to-date module file ../../../Engine/Plugins/Media/AvfMedia/Binaries/Win64/UE4Editor-AvfMediaFactory.dll (API version 3944462).
LogModuleManager: Display: Found up-to-date module file ../../../Engine/Plugins/Media/AvfMedia/Binaries/Win64/UE4Editor-AvfMediaFactory.dll (API version 3944462).
LogModuleManager: Display: Found up-to-date module file ../../../Engine/Plugins/Media/ImgMedia/Binaries/Win64/UE4Editor-ImgMedia.dll (API version 3944462).
LogModuleManager: Display: Found up-to-date module file ../../../Engine/Plugins/Media/ImgMedia/Binaries/Win64/UE4Editor-ImgMediaEditor.dll (API version 3944462).
LogModuleManager: Display: Found up-to-date module file ../../../Engine/Plugins/Media/ImgMedia/Binaries/Win64/UE4Editor-ImgMediaFactory.dll (API version 3944462).
LogModuleManager: Display: Found up-to-date module file ../../../Engine/Plugins/Media/ImgMedia/Binaries/Win64/UE4Editor-ImgMediaFactory.dll (API version 3944462).
LogModuleManager: Display: Found up-to-date module file ../../../Engine/Plugins/Media/ImgMedia/Binaries/Win64/UE4Editor-OpenExrWrapper.dll (API version 3944462).
LogModuleManager: Display: Found up-to-date module file ../../../Engine/Plugins/Media/LinearTimecode/Binaries/Win64/UE4Editor-LinearTimecode.dll (API version 3944462).
LogModuleManager: Display: Found up-to-date module file ../../../Engine/Plugins/Media/MediaCompositing/Binaries/Win64/UE4Editor-MediaCompositing.dll (API version 3944462).
LogModuleManager: Display: Found up-to-date module file ../../../Engine/Plugins/Media/MediaCompositing/Binaries/Win64/UE4Editor-MediaCompositingEditor.dll (API version 3944462).
LogModuleManager: Display: Found up-to-date module file ../../../Engine/Plugins/Media/MediaPlayerEditor/Binaries/Win64/UE4Editor-MediaPlayerEditor.dll (API version 3944462).
LogModuleManager: Display: Found up-to-date module file ../../../Engine/Plugins/Media/WmfMedia/Binaries/Win64/UE4Editor-WmfMedia.dll (API version 3944462).
LogModuleManager: Display: Found up-to-date module file ../../../Engine/Plugins/Media/WmfMedia/Binaries/Win64/UE4Editor-WmfMediaEditor.dll (API version 3944462).
LogModuleManager: Display: Found up-to-date module file ../../../Engine/Plugins/Media/WmfMedia/Binaries/Win64/UE4Editor-WmfMediaFactory.dll (API version 3944462).
LogModuleManager: Display: Found up-to-date module file ../../../Engine/Plugins/Media/WmfMedia/Binaries/Win64/UE4Editor-WmfMediaFactory.dll (API version 3944462).
LogModuleManager: Display: Found up-to-date module file ../../../Engine/Plugins/Messaging/TcpMessaging/Binaries/Win64/UE4Editor-TcpMessaging.dll (API version 3944462).
LogModuleManager: Display: Found up-to-date module file ../../../Engine/Plugins/Messaging/UdpMessaging/Binaries/Win64/UE4Editor-UdpMessaging.dll (API version 3944462).
LogModuleManager: Display: Found up-to-date module file ../../../Engine/Plugins/MovieScene/ActorSequence/Binaries/Win64/UE4Editor-ActorSequence.dll (API version 3944462).
LogModuleManager: Display: Found up-to-date module file ../../../Engine/Plugins/MovieScene/LevelSequenceEditor/Binaries/Win64/UE4Editor-LevelSequenceEditor.dll (API version 3944462).
LogModuleManager: Display: Found up-to-date module file ../../../Engine/Plugins/MovieScene/MatineeToLevelSequence/Binaries/Win64/UE4Editor-MatineeToLevelSequence.dll (API version 3944462).
LogModuleManager: Display: Found up-to-date module file ../../../Engine/Plugins/NetcodeUnitTest/NetcodeUnitTest/Binaries/Win64/UE4Editor-NetcodeUnitTest.dll (API version 3944462).
LogModuleManager: Display: Found up-to-date module file ../../../Engine/Plugins/NetcodeUnitTest/NUTUnrealEngine4/Binaries/Win64/UE4Editor-NUTUnrealEngine4.dll (API version 3944462).
LogModuleManager: Display: Found up-to-date module file ../../../Engine/Plugins/Online/OnlineSubsystem/Binaries/Win64/UE4Editor-OnlineSubsystem.dll (API version 3944462).
LogModuleManager: Display: Found up-to-date module file ../../../Engine/Plugins/Online/OnlineSubsystemNull/Binaries/Win64/UE4Editor-OnlineSubsystemNull.dll (API version 3944462).
LogModuleManager: Display: Found up-to-date module file ../../../Engine/Plugins/Online/OnlineSubsystemUtils/Binaries/Win64/UE4Editor-OnlineSubsystemUtils.dll (API version 3944462).
LogModuleManager: Display: Found up-to-date module file ../../../Engine/Plugins/Online/OnlineSubsystemUtils/Binaries/Win64/UE4Editor-OnlineBlueprintSupport.dll (API version 3944462).
LogModuleManager: Display: Found up-to-date module file ../../../Engine/Plugins/Runtime/AndroidDeviceProfileSelector/Binaries/Win64/UE4Editor-AndroidDeviceProfileSelector.dll (API version 3944462).
LogModuleManager: Display: Found up-to-date module file ../../../Engine/Plugins/Runtime/AndroidPermission/Binaries/Win64/UE4Editor-AndroidPermission.dll (API version 3944462).
LogModuleManager: Display: Found up-to-date module file ../../../Engine/Plugins/Runtime/AppleARKit/Binaries/Win64/UE4Editor-AppleARKit.dll (API version 3944462).
LogModuleManager: Display: Found up-to-date module file ../../../Engine/Plugins/Runtime/ArchVisCharacter/Binaries/Win64/UE4Editor-ArchVisCharacter.dll (API version 3944462).
LogModuleManager: Display: Found up-to-date module file ../../../Engine/Plugins/Runtime/AudioCapture/Binaries/Win64/UE4Editor-AudioCapture.dll (API version 3944462).
LogModuleManager: Display: Found up-to-date module file ../../../Engine/Plugins/Runtime/AudioCapture/Binaries/Win64/UE4Editor-AudioCaptureEditor.dll (API version 3944462).
LogModuleManager: Display: Found up-to-date module file ../../../Engine/Plugins/Runtime/CableComponent/Binaries/Win64/UE4Editor-CableComponent.dll (API version 3944462).
LogModuleManager: Display: Found up-to-date module file ../../../Engine/Plugins/Runtime/CustomMeshComponent/Binaries/Win64/UE4Editor-CustomMeshComponent.dll (API version 3944462).
LogModuleManager: Display: Found up-to-date module file ../../../Engine/Plugins/Runtime/ExampleDeviceProfileSelector/Binaries/Win64/UE4Editor-ExampleDeviceProfileSelector.dll (API version 3944462).
LogModuleManager: Display: Found up-to-date module file ../../../Engine/Plugins/Runtime/ImmediatePhysics/Binaries/Win64/UE4Editor-ImmediatePhysics.dll (API version 3944462).
LogModuleManager: Display: Found up-to-date module file ../../../Engine/Plugins/Runtime/ImmediatePhysics/Binaries/Win64/UE4Editor-ImmediatePhysicsEditor.dll (API version 3944462).
LogModuleManager: Display: Found up-to-date module file ../../../Engine/Plugins/Runtime/LocationServicesBPLibrary/Binaries/Win64/UE4Editor-LocationServicesBPLibrary.dll (API version 3944462).
LogModuleManager: Display: Found up-to-date module file ../../../Engine/Plugins/Runtime/MobilePatchingUtils/Binaries/Win64/UE4Editor-MobilePatchingUtils.dll (API version 3944462).
LogModuleManager: Display: Found up-to-date module file ../../../Engine/Plugins/Runtime/Oculus/OculusVR/Binaries/Win64/UE4Editor-OculusHMD.dll (API version 3944462).
LogModuleManager: Display: Found up-to-date module file ../../../Engine/Plugins/Runtime/Oculus/OculusVR/Binaries/Win64/UE4Editor-OculusInput.dll (API version 3944462).
LogModuleManager: Display: Found up-to-date module file ../../../Engine/Plugins/Runtime/Oculus/OculusVR/Binaries/Win64/UE4Editor-OculusEditor.dll (API version 3944462).
LogModuleManager: Display: Found up-to-date module file ../../../Engine/Plugins/Runtime/PhysXVehicles/Binaries/Win64/UE4Editor-PhysXVehicles.dll (API version 3944462).
LogModuleManager: Display: Found up-to-date module file ../../../Engine/Plugins/Runtime/PhysXVehicles/Binaries/Win64/UE4Editor-PhysXVehiclesEditor.dll (API version 3944462).
LogModuleManager: Display: Found up-to-date module file ../../../Engine/Plugins/Runtime/ProceduralMeshComponent/Binaries/Win64/UE4Editor-ProceduralMeshComponent.dll (API version 3944462).
LogModuleManager: Display: Found up-to-date module file ../../../Engine/Plugins/Runtime/ProceduralMeshComponent/Binaries/Win64/UE4Editor-ProceduralMeshComponentEditor.dll (API version 3944462).
LogModuleManager: Display: Found up-to-date module file ../../../Engine/Plugins/Runtime/RuntimePhysXCooking/Binaries/Win64/UE4Editor-RuntimePhysXCooking.dll (API version 3944462).
LogModuleManager: Display: Found up-to-date module file ../../../Engine/Plugins/Runtime/Steam/SteamVR/Binaries/Win64/UE4Editor-SteamVR.dll (API version 3944462).
LogModuleManager: Display: Found up-to-date module file ../../../Engine/Plugins/Runtime/Steam/SteamVR/Binaries/Win64/UE4Editor-SteamVRController.dll (API version 3944462).
LogModuleManager: Display: Found up-to-date module file ../../../Engine/Plugins/Runtime/WindowsMoviePlayer/Binaries/Win64/UE4Editor-WindowsMoviePlayer.dll (API version 3944462).
LogInit: Using libcurl 7.47.1
LogInit:  - built for x86_64-pc-win32
LogInit:  - supports SSL with OpenSSL/1.0.2g
LogInit:  - supports HTTP deflate (compression) using libz 1.2.8
LogInit:  - other features:
LogInit:      CURL_VERSION_SSL
LogInit:      CURL_VERSION_LIBZ
LogInit:      CURL_VERSION_IPV6
LogInit:      CURL_VERSION_ASYNCHDNS
LogInit:      CURL_VERSION_LARGEFILE
LogInit:      CURL_VERSION_IDN
LogInit:  CurlRequestOptions (configurable via config and command line):
LogInit:  - bVerifyPeer = false  - Libcurl will NOT verify peer certificate
LogInit:  - bUseHttpProxy = false  - Libcurl will NOT use HTTP proxy
LogInit:  - bDontReuseConnections = false  - Libcurl will reuse connections
LogInit:  - CertBundlePath = nullptr  - Libcurl will use whatever was configured at build time.
LogInit:  - MaxHostConnections = 16  - Libcurl will limit the number of connections to a host
LogInit:  - LocalHostAddr = Default
LogInit: WinSock: version 1.1 (2.2), MaxSocks=32767, MaxUdp=65467
LogInit: WinSock: I am MaxComputer (192.168.1.3:0)
LogInit: Build: ++UE4+Release-4.19-CL-4033788
LogInit: Engine Version: 4.19.2-4033788+++UE4+Release-4.19
LogInit: Compatible Engine Version: 4.19.0-3944462+++UE4+Release-4.19
LogInit: Net CL: 3944462
LogDevObjectVersion: Number of dev versions registered: 18
LogDevObjectVersion:   Dev-Blueprints (B0D832E4-1F89-4F0D-ACCF-7EB736FD4AA2): 10
LogDevObjectVersion:   Dev-Build (E1C64328-A22C-4D53-A36C-8E866417BD8C): 0
LogDevObjectVersion:   Dev-Core (375EC13C-06E4-48FB-B500-84F0262A717E): 2
LogDevObjectVersion:   Dev-Editor (E4B068ED-F494-42E9-A231-DA0B2E46BB41): 23
LogDevObjectVersion:   Dev-Framework (CFFC743F-43B0-4480-9391-14DF171D2073): 33
LogDevObjectVersion:   Dev-Mobile (B02B49B5-BB20-44E9-A304-32B752E40360): 2
LogDevObjectVersion:   Dev-Networking (A4E4105C-59A1-49B5-A7C5-40C4547EDFEE): 0
LogDevObjectVersion:   Dev-Online (39C831C9-5AE6-47DC-9A44-9C173E1C8E7C): 0
LogDevObjectVersion:   Dev-Physics (78F01B33-EBEA-4F98-B9B4-84EACCB95AA2): 0
LogDevObjectVersion:   Dev-Platform (6631380F-2D4D-43E0-8009-CF276956A95A): 0
LogDevObjectVersion:   Dev-Rendering (12F88B9F-8875-4AFC-A67C-D90C383ABD29): 25
LogDevObjectVersion:   Dev-Sequencer (7B5AE74C-D270-4C10-A958-57980B212A5A): 6
LogDevObjectVersion:   Dev-VR (D7296918-1DD6-4BDD-9DE2-64A83CC13884): 1
LogDevObjectVersion:   Dev-LoadTimes (C2A15278-BFE7-4AFE-6C17-90FF531DF755): 1
LogDevObjectVersion:   Private-Geometry (6EACA3D4-40EC-4CC1-B786-8BED09428FC5): 2
LogDevObjectVersion:   Dev-AnimPhys (29E575DD-E0A3-4627-9D10-D276232CDCEA): 16
LogDevObjectVersion:   Dev-ReflectionCapture (6B266CEC-1EC7-4B8F-A30B-E4D90942FC07): 1
LogDevObjectVersion:   Dev-Automation (0DF73D61-A23F-47EA-B727-89E90C41499A): 1
LogInit: Compiled (64-bit): Apr 27 2018 02:06:57
LogInit: Compiled with Visual C++: 19.00.24215.01
LogInit: Build Configuration: Development
LogInit: Branch Name: ++UE4+Release-4.19
LogInit: Command Line:  -skipcompile
LogInit: Base Directory: X:/Program Files/Epic Games/UE_4.19/Engine/Binaries/Win64/
LogInit: Installed Engine Build: 1
LogStreaming: Display: Took  0.442s to delete old logs.
LogInit: Presizing for max 8388607 objects, including 0 objects not considered by GC, pre-allocating 0 bytes for permanent pool.
LogInit: Object subsystem initialized
[2018.09.25-07.58.46:609][  0]LogInit: Selected Device Profile: [Windows]
[2018.09.25-07.58.46:609][  0]LogInit: Applying CVar settings loaded from the selected device profile: [Windows]
[2018.09.25-07.58.46:738][  0]LogInit: Computer: MAXCOMPUTER
[2018.09.25-07.58.46:738][  0]LogInit: User: Kinggrinyov
[2018.09.25-07.58.46:738][  0]LogInit: CPU Page size=4096, Cores=4
[2018.09.25-07.58.46:738][  0]LogInit: High frequency timer resolution =4.101561 MHz
[2018.09.25-07.58.46:739][  0]LogMemory: Memory total: Physical=16.0GB (16GB approx)
[2018.09.25-07.58.46:739][  0]LogMemory: Platform Memory Stats for Windows
[2018.09.25-07.58.46:739][  0]LogMemory: Process Physical Memory: 274.34 MB used, 274.34 MB peak
[2018.09.25-07.58.46:739][  0]LogMemory: Process Virtual Memory: 264.79 MB used, 264.79 MB peak
[2018.09.25-07.58.46:739][  0]LogMemory: Physical Memory: 6414.30 MB used,  9926.41 MB free, 16340.71 MB total
[2018.09.25-07.58.46:739][  0]LogMemory: Virtual Memory: 4790.86 MB used,  9926.41 MB free, 134217728.00 MB total
[2018.09.25-07.58.46:783][  0]LogInit: Using OS detected language (en-GB).
[2018.09.25-07.58.46:783][  0]LogInit: Using OS detected locale (en-AU).
[2018.09.25-07.58.46:785][  0]LogTextLocalizationManager: No specific localization for 'en-GB' exists, so the 'en' localization will be used.
[2018.09.25-07.58.47:082][  0]LogStreaming: Display: Took  0.299s to EndInitTextLocalization.
[2018.09.25-07.58.47:082][  0]LogInit: Setting process to per monitor DPI aware
[2018.09.25-07.58.47:183][  0]LogSlate: New Slate User Created.  User Index 0, Is Virtual User: 0
[2018.09.25-07.58.47:183][  0]LogSlate: Slate User Registered.  User Index 0, Is Virtual User: 0
[2018.09.25-07.58.47:311][  0]LogD3D11RHI: D3D11 adapters:
[2018.09.25-07.58.47:370][  0]LogD3D11RHI:    0. 'NVIDIA GeForce GTX 1050 Ti' (Feature Level 11_0)
[2018.09.25-07.58.47:370][  0]LogD3D11RHI:       4018/0/8170 MB DedicatedVideo/DedicatedSystem/SharedSystem, Outputs:2, VendorId:0x10de
[2018.09.25-07.58.47:377][  0]LogD3D11RHI:    1. 'Microsoft Basic Render Driver' (Feature Level 11_0)
[2018.09.25-07.58.47:377][  0]LogD3D11RHI:       0/0/8170 MB DedicatedVideo/DedicatedSystem/SharedSystem, Outputs:0, VendorId:0x1414
[2018.09.25-07.58.47:377][  0]LogD3D11RHI: Chosen D3D11 Adapter: 0
[2018.09.25-07.58.47:382][  0]LogD3D11RHI: Creating new Direct3DDevice
[2018.09.25-07.58.47:382][  0]LogD3D11RHI:     GPU DeviceId: 0x1c82 (for the marketing name, search the web for "GPU Device Id")
[2018.09.25-07.58.47:382][  0]LogWindows: EnumDisplayDevices:
[2018.09.25-07.58.47:382][  0]LogWindows:    0. 'NVIDIA GeForce GTX 1050 Ti' (P:0 D:1)
[2018.09.25-07.58.47:383][  0]LogWindows:    1. 'NVIDIA GeForce GTX 1050 Ti' (P:1 D:1)
[2018.09.25-07.58.47:383][  0]LogWindows:    2. 'NVIDIA GeForce GTX 1050 Ti' (P:0 D:0)
[2018.09.25-07.58.47:383][  0]LogWindows:    3. 'NVIDIA GeForce GTX 1050 Ti' (P:0 D:0)
[2018.09.25-07.58.47:383][  0]LogWindows: DebugString: GetVideoDriverDetailsInvalid PrimaryIsNotTheChoosenAdapter GetVideoDriverDetailsInvalid PrimaryIsNotTheChoosenAdapter GetVideoDriverDetailsInvalid PrimaryIsNotTheChoosenAdapter GetVideoDriverDetailsInvalid PrimaryIsNotTheChoosenAdapter FoundDriverCount:0 
[2018.09.25-07.58.47:383][  0]LogD3D11RHI:     Adapter Name: NVIDIA GeForce GTX 1050 Ti
[2018.09.25-07.58.47:383][  0]LogD3D11RHI:   Driver Version: Unknown (internal:Unknown, unified:Unknown)
[2018.09.25-07.58.47:383][  0]LogD3D11RHI:      Driver Date: Unknown
[2018.09.25-07.58.47:383][  0]LogRHI: Texture pool is 2812 MB (70% of 4018 MB)
[2018.09.25-07.58.47:417][  0]LogD3D11RHI: [Aftermath] Aftermath enabled and primed
[2018.09.25-07.58.47:417][  0]LogD3D11RHI: [Aftermath] Aftermath enabled and primed
[2018.09.25-07.58.47:417][  0]LogD3D11RHI: Async texture creation enabled
[2018.09.25-07.58.47:442][  0]LogD3D11RHI: GPU Timing Frequency: 1000.000000 (Debug: 2 2)
[2018.09.25-07.58.47:491][  0]LogShaderCompilers: Guid format shader working directory is -40 characters bigger than the processId version (E:/Uni/Semester 2/FIT2097/Assignment2/FIT2047_Assignment2_MaxwellGrinyov/FIT2097_A2/Intermediate/Shaders/WorkingDirectory/12728/).
[2018.09.25-07.58.47:491][  0]LogShaderCompilers: Cleaned the shader compiler working directory 'C:/Users/Max/AppData/Local/Temp/UnrealShaderWorkingDir/1B87072E41D9E826A141709FE1D2DAA8/'.
[2018.09.25-07.58.47:622][  0]LogTemp: Display: Loaded TP AllDesktopTargetPlatform
[2018.09.25-07.58.47:633][  0]LogTemp: Display: Loaded TP MacClientTargetPlatform
[2018.09.25-07.58.47:643][  0]LogTemp: Display: Loaded TP MacNoEditorTargetPlatform
[2018.09.25-07.58.47:654][  0]LogTemp: Display: Loaded TP MacServerTargetPlatform
[2018.09.25-07.58.47:664][  0]LogTemp: Display: Loaded TP MacTargetPlatform
[2018.09.25-07.58.47:675][  0]LogTemp: Display: Loaded TP WindowsClientTargetPlatform
[2018.09.25-07.58.47:686][  0]LogTemp: Display: Loaded TP WindowsNoEditorTargetPlatform
[2018.09.25-07.58.47:696][  0]LogTemp: Display: Loaded TP WindowsServerTargetPlatform
[2018.09.25-07.58.47:702][  0]LogTemp: Display: Loaded TP WindowsTargetPlatform
[2018.09.25-07.58.47:711][  0]LogTemp: Display: Loaded TP Android_ASTCTargetPlatform
[2018.09.25-07.58.47:721][  0]LogTemp: Display: Loaded TP Android_ATCTargetPlatform
[2018.09.25-07.58.47:731][  0]LogTemp: Display: Loaded TP Android_DXTTargetPlatform
[2018.09.25-07.58.47:741][  0]LogTemp: Display: Loaded TP Android_ETC1aTargetPlatform
[2018.09.25-07.58.47:750][  0]LogTemp: Display: Loaded TP Android_ETC1TargetPlatform
[2018.09.25-07.58.47:760][  0]LogTemp: Display: Loaded TP Android_ETC2TargetPlatform
[2018.09.25-07.58.47:780][  0]LogTemp: Display: Loaded TP Android_MultiTargetPlatform
[2018.09.25-07.58.47:780][  0]LogTemp: Display: Loaded TP Android_PVRTCTargetPlatform
[2018.09.25-07.58.47:790][  0]LogTemp: Display: Loaded TP AndroidTargetPlatform
[2018.09.25-07.58.47:792][  0]LogTemp: Display: Loaded TP HTML5TargetPlatform
[2018.09.25-07.58.47:831][  0]LogTemp: Display: Loaded TP IOSTargetPlatform
[2018.09.25-07.58.47:841][  0]LogTemp: Display: Loaded TP TVOSTargetPlatform
[2018.09.25-07.58.47:850][  0]LogTemp: Display: Loaded TP LinuxClientTargetPlatform
[2018.09.25-07.58.47:860][  0]LogTemp: Display: Loaded TP LinuxNoEditorTargetPlatform
[2018.09.25-07.58.47:870][  0]LogTemp: Display: Loaded TP LinuxServerTargetPlatform
[2018.09.25-07.58.47:881][  0]LogTemp: Display: Loaded TP LinuxTargetPlatform
[2018.09.25-07.58.47:881][  0]LogTargetPlatformManager: Display: Building Assets For Windows
[2018.09.25-07.58.48:044][  0]LogXGEController: Cleaning working directory: C:/Users/Max/AppData/Local/Temp/UnrealXGEWorkingDir/
[2018.09.25-07.58.48:044][  0]LogXGEController: Cannot use XGE Controller as Incredibuild is not installed on this machine.
[2018.09.25-07.58.48:044][  0]LogShaderCompilers: Cannot use XGE Shader Compiler as Incredibuild is not installed on this machine.
[2018.09.25-07.58.48:044][  0]LogShaderCompilers: Display: Using Local Shader Compiler.
[2018.09.25-07.58.48:515][  0]LogDerivedDataCache: Display: Max Cache Size: 512 MB
[2018.09.25-07.58.48:563][  0]LogDerivedDataCache: Loaded boot cache 0.05s 77MB C:/Users/Max/AppData/Local/UnrealEngine/4.19/DerivedDataCache/Boot.ddc.
[2018.09.25-07.58.48:563][  0]LogDerivedDataCache: Display: Loaded Boot cache: C:/Users/Max/AppData/Local/UnrealEngine/4.19/DerivedDataCache/Boot.ddc
[2018.09.25-07.58.48:563][  0]LogDerivedDataCache: FDerivedDataBackendGraph:  Pak pak cache file E:/Uni/Semester 2/FIT2097/Assignment2/FIT2047_Assignment2_MaxwellGrinyov/FIT2097_A2/DerivedDataCache/DDC.ddp not found, will not use a pak cache.
[2018.09.25-07.58.48:563][  0]LogDerivedDataCache: Unable to find inner node Pak for hierarchical cache Hierarchy.
[2018.09.25-07.58.48:563][  0]LogDerivedDataCache: FDerivedDataBackendGraph:  CompressedPak pak cache file E:/Uni/Semester 2/FIT2097/Assignment2/FIT2047_Assignment2_MaxwellGrinyov/FIT2097_A2/DerivedDataCache/Compressed.ddp not found, will not use a pak cache.
[2018.09.25-07.58.48:563][  0]LogDerivedDataCache: Unable to find inner node CompressedPak for hierarchical cache Hierarchy.
[2018.09.25-07.58.48:574][  0]LogDerivedDataCache: Display: Pak cache opened for reading ../../../Engine/DerivedDataCache/Compressed.ddp.
[2018.09.25-07.58.48:587][  0]LogDerivedDataCache: Using Local data cache path C:/Users/Max/AppData/Local/UnrealEngine/Common/DerivedDataCache: Writable
[2018.09.25-07.58.48:587][  0]LogDerivedDataCache: Shared data cache path not found in *engine.ini, will not use an Shared cache.
[2018.09.25-07.58.48:587][  0]LogDerivedDataCache: Unable to find inner node Shared for hierarchical cache Hierarchy.
[2018.09.25-07.58.48:595][  0]LogMaterial: Verifying Global Shaders for PCD3D_SM5
[2018.09.25-07.58.48:595][  0]LogSlate: Using Freetype 2.6.0
[2018.09.25-07.58.48:596][  0]LogSlate: SlateFontCache - WITH_FREETYPE: 1, WITH_HARFBUZZ: 1
[2018.09.25-07.58.48:596][  0]LogSlate: SlateFontCache - WITH_FREETYPE: 1, WITH_HARFBUZZ: 1
[2018.09.25-07.58.48:682][  0]LogAssetRegistry: FAssetRegistry took 0.0271 seconds to start up
[2018.09.25-07.58.49:239][  0]LogInit: Selected Device Profile: [Windows]
[2018.09.25-07.58.49:414][  0]LogSimplygon: Simplygon DLL not present - disabling.
[2018.09.25-07.58.49:455][  0]LogMeshReduction: Using SimplygonSwarm for distributed automatic mesh merging
[2018.09.25-07.58.49:455][  0]LogMeshReduction: Using QuadricMeshReduction for automatic static mesh reduction
[2018.09.25-07.58.49:455][  0]LogMeshReduction: No automatic skeletal mesh reduction module available
[2018.09.25-07.58.49:455][  0]LogMeshReduction: No automatic mesh merging module available
[2018.09.25-07.58.49:455][  0]LogMeshMerging: No automatic mesh merging module available
[2018.09.25-07.58.49:576][  0]LogNetVersion: FIT2097_A2 , NetCL: 3944462, EngineNetVer: 2, GameNetVer: 0 (Checksum: 355029809)
[2018.09.25-07.58.50:356][  0]LogPackageLocalizationCache: Processed 9 localized package path(s) for 2 prioritized culture(s) in 0.453126 seconds
[2018.09.25-07.58.50:361][  0]LogUObjectArray: 36728 objects as part of root set at end of initial load.
[2018.09.25-07.58.50:361][  0]LogUObjectAllocator: 7314304 out of 0 bytes used by permanent object pool.
[2018.09.25-07.58.50:361][  0]LogUObjectArray: CloseDisregardForGC: 0/0 objects in disregard for GC pool
[2018.09.25-07.58.52:239][  0]LogTcpMessaging: Initializing TcpMessaging bridge
[2018.09.25-07.58.52:262][  0]LogUdpMessaging: Initializing bridge on interface 0.0.0.0:0 to multicast group 230.0.0.1:6666.
[2018.09.25-07.58.52:626][  0]LogUObjectGlobals: Created PersistentFrame Addr=0x000001bff31fd580, Size=64, Default__ThirdPerson_AnimBP_C Function /Game/Mannequin/Animations/ThirdPerson_AnimBP.ThirdPerson_AnimBP_C:ExecuteUbergraph_ThirdPerson_AnimBP
[2018.09.25-07.58.52:633][  0]LogUObjectGlobals: Destroyed PersistentFrame Addr=0x000001bff31fd580, Size=64
[2018.09.25-07.58.52:633][  0]LogUObjectGlobals: Created PersistentFrame Addr=0x000001bff31fd580, Size=64, Default__ThirdPerson_AnimBP_C Function /Engine/Transient.REINST_ThirdPerson_AnimBP_C_0:ExecuteUbergraph_ThirdPerson_AnimBP
[2018.09.25-07.58.52:639][  0]LogUObjectGlobals: Created PersistentFrame Addr=0x000001bff2bf2f70, Size=72, Default__ThirdPerson_AnimBP_C Function /Game/Mannequin/Animations/ThirdPerson_AnimBP.ThirdPerson_AnimBP_C:ExecuteUbergraph_ThirdPerson_AnimBP
[2018.09.25-07.58.52:997][  0]LogSkeletalMesh: Skeletal Mesh found in DDC [1.384839ms] /Game/Mannequin/Character/Mesh/SK_Mannequin.SK_Mannequin
[2018.09.25-07.58.53:269][  0]SourceControl: Source control is disabled
[2018.09.25-07.58.53:269][  0]SourceControl: Source control is disabled
[2018.09.25-07.58.53:299][  0]SourceControl: Source control is disabled
[2018.09.25-07.58.53:318][  0]SourceControl: Source control is disabled
[2018.09.25-07.58.54:044][  0]LogAndroidPermission: UAndroidPermissionCallbackProxy::GetInstance
[2018.09.25-07.58.54:205][  0]LogOcInput: OculusInput pre-init called
[2018.09.25-07.58.54:332][  0]LogEngine: Initializing Engine...
[2018.09.25-07.58.54:333][  0]LogHMD: Failed to initialize OpenVR with code 110
[2018.09.25-07.58.54:334][  0]LogStats: UGameplayTagsManager::ConstructGameplayTagTree: Construct from data asset -  0.000 s
[2018.09.25-07.58.54:334][  0]LogStats: UGameplayTagsManager::ConstructGameplayTagTree: GameplayTagTreeChangedEvent.Broadcast -  0.000 s
[2018.09.25-07.58.54:488][  0]LogAIModule: Creating AISystem for world Untitled
[2018.09.25-07.58.54:536][  0]LogInit: XAudio2 using 'Headphone Speakers (Realtek High Definition Audio)' : 2 channels at 48 kHz using 32 bits per sample (channel mask 0x3)
[2018.09.25-07.58.54:552][  0]LogInit: FAudioDevice initialized.
[2018.09.25-07.58.54:636][  0]LogDerivedDataCache: Saved boot cache 0.08s 77MB C:/Users/Max/AppData/Local/UnrealEngine/4.19/DerivedDataCache/Boot.ddc.
[2018.09.25-07.58.54:644][  0]LogInit: Texture streaming: Enabled
[2018.09.25-07.58.54:691][  0]LogEngineSessionManager: EngineSessionManager initialized
[2018.09.25-07.58.54:699][  0]LogInit: Transaction tracking system initialized
[2018.09.25-07.58.54:760][  0]BlueprintLog: New page: Editor Load
[2018.09.25-07.58.55:426][  0]LocalizationService: Localization service is disabled
[2018.09.25-07.58.56:738][  0]LogConsoleResponse: Display: 
[2018.09.25-07.58.56:862][  0]LogCook: Display: Max memory allowance for cook 16384mb min free memory 0mb
[2018.09.25-07.58.56:862][  0]LogCook: Display: Mobile HDR setting 1
[2018.09.25-07.58.56:862][  0]LogGameplayTags: Display: UGameplayTagsManager::DoneAddingNativeTags. DelegateIsBound: 0
[2018.09.25-07.58.56:862][  0]LogStats: UGameplayTagsManager::ConstructGameplayTagTree: Construct from data asset -  0.000 s
[2018.09.25-07.58.56:862][  0]LogStats: UGameplayTagsManager::ConstructGameplayTagTree: GameplayTagTreeChangedEvent.Broadcast -  0.000 s
[2018.09.25-07.58.57:386][  0]LogFileCache: Scanning file cache for directory 'E:/Uni/Semester 2/FIT2097/Assignment2/FIT2047_Assignment2_MaxwellGrinyov/FIT2097_A2/Content/' took 0.02s
[2018.09.25-07.58.57:386][  0]SourceControl: Source control is disabled
[2018.09.25-07.58.57:386][  0]Cmd: MAP LOAD FILE="E:/Uni/Semester 2/FIT2097/Assignment2/FIT2047_Assignment2_MaxwellGrinyov/FIT2097_A2/Content/ThirdPersonCPP/Maps/ThirdPersonExampleMap.umap" TEMPLATE=0 SHOWPROGRESS=1 FEATURELEVEL=3
[2018.09.25-07.58.57:408][  0]LightingResults: New page: Lighting Build
[2018.09.25-07.58.57:410][  0]MapCheck: New page: Map Check
[2018.09.25-07.58.57:410][  0]LightingResults: New page: Lighting Build
[2018.09.25-07.58.57:418][  0]LogUObjectGlobals: Destroyed PersistentFrame Addr=0x000001bff31fd580, Size=64
[2018.09.25-07.58.57:975][  0]LogAIModule: Creating AISystem for world ThirdPersonExampleMap
[2018.09.25-07.58.57:986][  0]LogEditorServer: Finished looking for orphan Actors (0.000 secs)
[2018.09.25-07.58.57:997][  0]Cmd: MAP CHECKDEP NOCLEARLOG
[2018.09.25-07.58.58:026][  0]MapCheck: Map check complete: 0 Error(s), 0 Warning(s), took 28.433ms to complete.
[2018.09.25-07.58.58:026][  0]LogFileHelpers: Loading map 'ThirdPersonExampleMap' took 0.640
[2018.09.25-07.58.58:171][  0]LogCollectionManager: Loaded 0 collections in 0.000737 seconds
[2018.09.25-07.58.58:217][  0]LogFileCache: Scanning file cache for directory 'E:/Uni/Semester 2/FIT2097/Assignment2/FIT2047_Assignment2_MaxwellGrinyov/FIT2097_A2/Saved/Collections/' took 0.01s
[2018.09.25-07.58.58:217][  0]LogFileCache: Scanning file cache for directory 'E:/Uni/Semester 2/FIT2097/Assignment2/FIT2047_Assignment2_MaxwellGrinyov/FIT2097_A2/Content/Developers/Kinggrinyov/Collections/' took 0.01s
[2018.09.25-07.58.58:217][  0]LogFileCache: Scanning file cache for directory 'E:/Uni/Semester 2/FIT2097/Assignment2/FIT2047_Assignment2_MaxwellGrinyov/FIT2097_A2/Content/Collections/' took 0.01s
[2018.09.25-07.58.58:217][  0]LogCollectionManager: Rebuilt the GUID cache for 0 collections in 0.000000 seconds
[2018.09.25-07.58.58:224][  0]LogContentBrowser: Native class hierarchy populated in 0.0070 seconds. Added 2455 classes and 562 folders.
[2018.09.25-07.58.58:235][  0]LogContentBrowser: Native class hierarchy updated for 'WidgetCarousel' in 0.0003 seconds. Added 0 classes and 0 folders.
[2018.09.25-07.58.58:260][  0]LogContentBrowser: Native class hierarchy updated for 'AddContentDialog' in 0.0003 seconds. Added 0 classes and 0 folders.
[2018.09.25-07.58.58:319][  0]LogSlate: Took 0.000191 seconds to synchronously load lazily loaded font '../../../Engine/Content/Slate/Fonts/Roboto-Regular.ttf' (155K)
[2018.09.25-07.58.58:323][  0]LogSlate: Took 0.000186 seconds to synchronously load lazily loaded font '../../../Engine/Content/Slate/Fonts/Roboto-Bold.ttf' (160K)
[2018.09.25-07.58.58:326][  0]LogSlate: Took 0.000171 seconds to synchronously load lazily loaded font '../../../Engine/Content/Editor/Slate/Fonts/FontAwesome.ttf' (139K)
[2018.09.25-07.58.58:401][  0]LogRenderer: Reallocating scene render targets to support 1608x808 Format 10 NumSamples 1 (Frame:1).
[2018.09.25-07.58.58:549][  0]LogContentBrowser: Native class hierarchy updated for 'HierarchicalLODOutliner' in 0.0004 seconds. Added 0 classes and 0 folders.
[2018.09.25-07.58.58:549][  0]LogLoad: (Engine Initialization) Total time: 16.46 seconds
[2018.09.25-07.58.58:549][  0]LogLoad: (Engine Initialization) Total Blueprint compile time: 0.00 seconds
[2018.09.25-07.58.58:558][  0]LogWindowsTextInputMethodSystem: Display: IME system now deactivated.
[2018.09.25-07.58.58:573][  0]LogAssetRegistry: Asset discovery search completed in 9.9147 seconds
[2018.09.25-07.58.58:575][  0]LogCollectionManager: Rebuilt the object cache for 0 collections in 0.000000 seconds (found 0 objects)
[2018.09.25-07.58.58:575][  0]LogCollectionManager: Fixed up redirectors for 0 collections in 0.000092 seconds (updated 0 objects)
[2018.09.25-07.58.58:577][  0]LogContentStreaming: Texture pool size now 1000 MB
[2018.09.25-07.59.18:958][519]LogSlate: FSceneViewport::OnFocusLost() reason 0
[2018.09.25-07.59.47:499][488]LogTemp: Repeating last play command: Selected Viewport
[2018.09.25-07.59.47:868][488]LogBlueprintUserMessages: Early PlayInEditor Detection: Level '/Game/ThirdPersonCPP/Maps/ThirdPersonExampleMap.ThirdPersonExampleMap:PersistentLevel' has LevelScriptBlueprint '/Game/ThirdPersonCPP/Maps/ThirdPersonExampleMap.ThirdPersonExampleMap:PersistentLevel.ThirdPersonExampleMap' with GeneratedClass '/Game/ThirdPersonCPP/Maps/ThirdPersonExampleMap.ThirdPersonExampleMap_C' with ClassGeneratedBy '/Game/ThirdPersonCPP/Maps/ThirdPersonExampleMap.ThirdPersonExampleMap:PersistentLevel.ThirdPersonExampleMap'
[2018.09.25-07.59.47:868][488]LogPlayLevel: PlayLevel: No blueprints needed recompiling
[2018.09.25-07.59.47:868][488]PIE: New page: PIE session: ThirdPersonExampleMap (26 Sep 2018 3:59:47 am)
[2018.09.25-07.59.47:868][488]LogPlayLevel: Creating play world package: /Game/ThirdPersonCPP/Maps/UEDPIE_0_ThirdPersonExampleMap
[2018.09.25-08.00.25:343][488]LogPlayLevel: PIE: StaticDuplicateObject took: (37.473694s)
[2018.09.25-08.00.25:343][488]LogAIModule: Creating AISystem for world ThirdPersonExampleMap
[2018.09.25-08.00.25:344][488]LogPlayLevel: PIE: World Init took: (0.000710s)
[2018.09.25-08.00.25:344][488]LogPlayLevel: PIE: Created PIE world by copying editor world from /Game/ThirdPersonCPP/Maps/ThirdPersonExampleMap.ThirdPersonExampleMap to /Game/ThirdPersonCPP/Maps/UEDPIE_0_ThirdPersonExampleMap.ThirdPersonExampleMap (37.474785s)
[2018.09.25-08.00.25:356][488]LogInit: XAudio2 using 'Headphone Speakers (Realtek High Definition Audio)' : 2 channels at 48 kHz using 32 bits per sample (channel mask 0x3)
[2018.09.25-08.00.25:365][488]LogInit: FAudioDevice initialized.
[2018.09.25-08.00.25:410][488]LogLoad: Game class is 'FIT2097_A2GameMode'
[2018.09.25-08.00.25:412][488]LogWorld: Bringing World /Game/ThirdPersonCPP/Maps/UEDPIE_0_ThirdPersonExampleMap.ThirdPersonExampleMap up for play (max tick rate 3) at 2018.09.25-18.00.25
[2018.09.25-08.00.25:412][488]LogWorld: Bringing up level for play took: 0.001303
[2018.09.25-08.00.25:415][488]LogContentBrowser: Native class hierarchy updated for 'MovieSceneCapture' in 0.0004 seconds. Added 11 classes and 0 folders.
[2018.09.25-08.00.25:415][488]PIE: Play in editor start time for /Game/ThirdPersonCPP/Maps/UEDPIE_0_ThirdPersonExampleMap 37.1
[2018.09.25-08.00.25:415][488]LogBlueprintUserMessages: Late PlayInEditor Detection: Level '/Game/ThirdPersonCPP/Maps/ThirdPersonExampleMap.ThirdPersonExampleMap:PersistentLevel' has LevelScriptBlueprint '/Game/ThirdPersonCPP/Maps/ThirdPersonExampleMap.ThirdPersonExampleMap:PersistentLevel.ThirdPersonExampleMap' with GeneratedClass '/Game/ThirdPersonCPP/Maps/ThirdPersonExampleMap.ThirdPersonExampleMap_C' with ClassGeneratedBy '/Game/ThirdPersonCPP/Maps/ThirdPersonExampleMap.ThirdPersonExampleMap:PersistentLevel.ThirdPersonExampleMap'
[2018.09.25-08.03.24:629][321]LogBlueprintUserMessages: Early EndPlayMap Detection: Level '/Game/ThirdPersonCPP/Maps/ThirdPersonExampleMap.ThirdPersonExampleMap:PersistentLevel' has LevelScriptBlueprint '/Game/ThirdPersonCPP/Maps/ThirdPersonExampleMap.ThirdPersonExampleMap:PersistentLevel.ThirdPersonExampleMap' with GeneratedClass '/Game/ThirdPersonCPP/Maps/ThirdPersonExampleMap.ThirdPersonExampleMap_C' with ClassGeneratedBy '/Game/ThirdPersonCPP/Maps/ThirdPersonExampleMap.ThirdPersonExampleMap:PersistentLevel.ThirdPersonExampleMap'
[2018.09.25-08.03.24:664][321]LogBlueprintUserMessages: Late EndPlayMap Detection: Level '/Game/ThirdPersonCPP/Maps/ThirdPersonExampleMap.ThirdPersonExampleMap:PersistentLevel' has LevelScriptBlueprint '/Game/ThirdPersonCPP/Maps/ThirdPersonExampleMap.ThirdPersonExampleMap:PersistentLevel.ThirdPersonExampleMap' with GeneratedClass '/Game/ThirdPersonCPP/Maps/ThirdPersonExampleMap.ThirdPersonExampleMap_C' with ClassGeneratedBy '/Game/ThirdPersonCPP/Maps/ThirdPersonExampleMap.ThirdPersonExampleMap:PersistentLevel.ThirdPersonExampleMap'
[2018.09.25-08.03.55:143][818]LogEditorViewport: Clicking on Actor (LMB): StaticMeshActor (Wall9)
[2018.09.25-08.03.57:482][841]LogSlate: FSceneViewport::OnFocusLost() reason 0
[2018.09.25-08.03.57:482][841]LogTemp: Repeating last play command: Selected Viewport
[2018.09.25-08.03.58:665][841]LogBlueprintUserMessages: Early PlayInEditor Detection: Level '/Game/ThirdPersonCPP/Maps/ThirdPersonExampleMap.ThirdPersonExampleMap:PersistentLevel' has LevelScriptBlueprint '/Game/ThirdPersonCPP/Maps/ThirdPersonExampleMap.ThirdPersonExampleMap:PersistentLevel.ThirdPersonExampleMap' with GeneratedClass '/Game/ThirdPersonCPP/Maps/ThirdPersonExampleMap.ThirdPersonExampleMap_C' with ClassGeneratedBy '/Game/ThirdPersonCPP/Maps/ThirdPersonExampleMap.ThirdPersonExampleMap:PersistentLevel.ThirdPersonExampleMap'
[2018.09.25-08.03.58:665][841]LogPlayLevel: PlayLevel: No blueprints needed recompiling
[2018.09.25-08.03.58:665][841]PIE: New page: PIE session: ThirdPersonExampleMap (26 Sep 2018 4:03:58 am)
[2018.09.25-08.03.58:665][841]LogPlayLevel: Creating play world package: /Game/ThirdPersonCPP/Maps/UEDPIE_0_ThirdPersonExampleMap
[2018.09.25-08.03.58:679][841]LogPlayLevel: PIE: StaticDuplicateObject took: (0.012672s)
[2018.09.25-08.03.58:679][841]LogAIModule: Creating AISystem for world ThirdPersonExampleMap
[2018.09.25-08.03.58:680][841]LogPlayLevel: PIE: World Init took: (0.001061s)
[2018.09.25-08.03.58:680][841]LogPlayLevel: PIE: Created PIE world by copying editor world from /Game/ThirdPersonCPP/Maps/ThirdPersonExampleMap.ThirdPersonExampleMap to /Game/ThirdPersonCPP/Maps/UEDPIE_0_ThirdPersonExampleMap.ThirdPersonExampleMap (0.014179s)
[2018.09.25-08.03.58:695][841]LogInit: XAudio2 using 'Headphone Speakers (Realtek High Definition Audio)' : 2 channels at 48 kHz using 32 bits per sample (channel mask 0x3)
[2018.09.25-08.03.58:706][841]LogInit: FAudioDevice initialized.
[2018.09.25-08.03.58:753][841]LogLoad: Game class is 'FIT2097_A2GameMode'
[2018.09.25-08.03.58:755][841]LogWorld: Bringing World /Game/ThirdPersonCPP/Maps/UEDPIE_0_ThirdPersonExampleMap.ThirdPersonExampleMap up for play (max tick rate 0) at 2018.09.25-18.03.58
[2018.09.25-08.03.58:755][841]LogWorld: Bringing up level for play took: 0.001304
[2018.09.25-08.03.58:756][841]PIE: Play in editor start time for /Game/ThirdPersonCPP/Maps/UEDPIE_0_ThirdPersonExampleMap 0.441
[2018.09.25-08.03.58:756][841]LogBlueprintUserMessages: Late PlayInEditor Detection: Level '/Game/ThirdPersonCPP/Maps/ThirdPersonExampleMap.ThirdPersonExampleMap:PersistentLevel' has LevelScriptBlueprint '/Game/ThirdPersonCPP/Maps/ThirdPersonExampleMap.ThirdPersonExampleMap:PersistentLevel.ThirdPersonExampleMap' with GeneratedClass '/Game/ThirdPersonCPP/Maps/ThirdPersonExampleMap.ThirdPersonExampleMap_C' with ClassGeneratedBy '/Game/ThirdPersonCPP/Maps/ThirdPersonExampleMap.ThirdPersonExampleMap:PersistentLevel.ThirdPersonExampleMap'
[2018.09.25-08.04.08:533][ 12]LogBlueprintUserMessages: Early EndPlayMap Detection: Level '/Game/ThirdPersonCPP/Maps/ThirdPersonExampleMap.ThirdPersonExampleMap:PersistentLevel' has LevelScriptBlueprint '/Game/ThirdPersonCPP/Maps/ThirdPersonExampleMap.ThirdPersonExampleMap:PersistentLevel.ThirdPersonExampleMap' with GeneratedClass '/Game/ThirdPersonCPP/Maps/ThirdPersonExampleMap.ThirdPersonExampleMap_C' with ClassGeneratedBy '/Game/ThirdPersonCPP/Maps/ThirdPersonExampleMap.ThirdPersonExampleMap:PersistentLevel.ThirdPersonExampleMap'
[2018.09.25-08.04.08:566][ 12]LogBlueprintUserMessages: Late EndPlayMap Detection: Level '/Game/ThirdPersonCPP/Maps/ThirdPersonExampleMap.ThirdPersonExampleMap:PersistentLevel' has LevelScriptBlueprint '/Game/ThirdPersonCPP/Maps/ThirdPersonExampleMap.ThirdPersonExampleMap:PersistentLevel.ThirdPersonExampleMap' with GeneratedClass '/Game/ThirdPersonCPP/Maps/ThirdPersonExampleMap.ThirdPersonExampleMap_C' with ClassGeneratedBy '/Game/ThirdPersonCPP/Maps/ThirdPersonExampleMap.ThirdPersonExampleMap:PersistentLevel.ThirdPersonExampleMap'
[2018.09.25-08.12.27:788][774]LogSlate: FSceneViewport::OnFocusLost() reason 0
[2018.09.25-08.12.28:162][782]Candidate modules for hot reload:
[2018.09.25-08.12.28:162][782]  FIT2097_A2
[2018.09.25-08.12.28:162][782]Launching UnrealBuildTool... [X:/Program Files/Epic Games/UE_4.19/Engine/Binaries/DotNET/UnrealBuildTool.exe FIT2097_A2 -ModuleWithSuffix=FIT2097_A2,1455 Win64 Development -editorrecompile -canskiplink "E:/Uni/Semester 2/FIT2097/Assignment2/FIT2047_Assignment2_MaxwellGrinyov/FIT2097_A2/FIT2097_A2.uproject" ]
[2018.09.25-08.12.28:164][782]Warning: Starting HotReload took  0.1s.
[2018.09.25-08.12.58:203][629]CompilerResultsLog: New page: Compilation - 26 Sep 2018 4:12:58 am
[2018.09.25-08.12.58:229][629]CompilerResultsLog: Performing full C++ include scan (hot reloading a new target)
[2018.09.25-08.12.58:230][629]CompilerResultsLog: Using 'git status' to determine working set for adaptive non-unity build.
[2018.09.25-08.12.58:230][629]CompilerResultsLog: Creating makefile for hot reloading FIT2097_A2 (no existing makefile)
[2018.09.25-08.12.58:230][629]CompilerResultsLog: Compiling game modules for hot reload
[2018.09.25-08.12.58:230][629]CompilerResultsLog: Parsing headers for FIT2097_A2Editor
[2018.09.25-08.12.58:230][629]CompilerResultsLog:   Running UnrealHeaderTool "E:\Uni\Semester 2\FIT2097\Assignment2\FIT2047_Assignment2_MaxwellGrinyov\FIT2097_A2\FIT2097_A2.uproject" "E:\Uni\Semester 2\FIT2097\Assignment2\FIT2047_Assignment2_MaxwellGrinyov\FIT2097_A2\Intermediate\Build\Win64\FIT2097_A2Editor\Development\FIT2097_A2Editor.uhtmanifest" -LogCmds="loginit warning, logexit warning, logdatabase error" -Unattended -WarningsAsErrors -installed
[2018.09.25-08.12.58:230][629]CompilerResultsLog: Reflection code generated for FIT2097_A2Editor in 7.3337 seconds
[2018.09.25-08.12.58:230][629]CompilerResultsLog: Performing 5 actions (4 in parallel)
[2018.09.25-08.12.58:230][629]CompilerResultsLog: FIT2097_A2Character.gen.cpp
[2018.09.25-08.12.58:230][629]CompilerResultsLog: FIT2097_A2Character.cpp
[2018.09.25-08.12.58:230][629]CompilerResultsLog: FIT2097_A2GameMode.cpp
[2018.09.25-08.12.58:230][629]CompilerResultsLog: Error: e:\uni\semester 2\fit2097\assignment2\fit2047_assignment2_maxwellgrinyov\fit2097_a2\source\fit2097_a2\FIT2097_A2Character.h(32) : warning C4263: 'void AFIT2097_A2Character::Tick(void)': member function does not override any base class virtual member function
[2018.09.25-08.12.58:230][629]CompilerResultsLog: Error: e:\uni\semester 2\fit2097\assignment2\fit2047_assignment2_maxwellgrinyov\fit2097_a2\source\fit2097_a2\FIT2097_A2Character.h(73) : warning C4264: 'void AActor::Tick(float)': no override available for virtual member function from base 'AActor'; function is hidden
[2018.09.25-08.12.58:230][629]CompilerResultsLog: Error: X:\Program Files\Epic Games\UE_4.19\Engine\Source\Runtime\Engine\Classes\GameFramework/Actor.h(1996) : note: see declaration of 'AActor::Tick'
[2018.09.25-08.12.58:230][629]CompilerResultsLog: Error: X:\Program Files\Epic Games\UE_4.19\Engine\Source\Runtime\Engine\Classes\Engine/LocalPlayer.h(23) : note: see declaration of 'AActor'
[2018.09.25-08.12.58:230][629]CompilerResultsLog: Error: E:\Uni\Semester 2\FIT2097\Assignment2\FIT2047_Assignment2_MaxwellGrinyov\FIT2097_A2\Source\FIT2097_A2\FIT2097_A2Character.h(32) : warning C4263: 'void AFIT2097_A2Character::Tick(void)': member function does not override any base class virtual member function
[2018.09.25-08.12.58:230][629]CompilerResultsLog: Error: E:\Uni\Semester 2\FIT2097\Assignment2\FIT2047_Assignment2_MaxwellGrinyov\FIT2097_A2\Source\FIT2097_A2\FIT2097_A2Character.h(73) : warning C4264: 'void AActor::Tick(float)': no override available for virtual member function from base 'AActor'; function is hidden
[2018.09.25-08.12.58:230][629]CompilerResultsLog: Error: X:\Program Files\Epic Games\UE_4.19\Engine\Source\Runtime\Engine\Classes\GameFramework/Actor.h(1996) : note: see declaration of 'AActor::Tick'
[2018.09.25-08.12.58:230][629]CompilerResultsLog: Error: X:\Program Files\Epic Games\UE_4.19\Engine\Source\Runtime\Engine\Classes\Engine/LocalPlayer.h(23) : note: see declaration of 'AActor'
[2018.09.25-08.12.58:231][629]CompilerResultsLog: Error: e:\uni\semester 2\fit2097\assignment2\fit2047_assignment2_maxwellgrinyov\fit2097_a2\source\fit2097_a2\FIT2097_A2Character.h(32) : warning C4263: 'void AFIT2097_A2Character::Tick(void)': member function does not override any base class virtual member function
[2018.09.25-08.12.58:231][629]CompilerResultsLog: Error: e:\uni\semester 2\fit2097\assignment2\fit2047_assignment2_maxwellgrinyov\fit2097_a2\source\fit2097_a2\FIT2097_A2Character.h(73) : warning C4264: 'void AActor::Tick(float)': no override available for virtual member function from base 'AActor'; function is hidden
[2018.09.25-08.12.58:231][629]CompilerResultsLog: Error: X:\Program Files\Epic Games\UE_4.19\Engine\Source\Runtime\Engine\Classes\GameFramework/Actor.h(1996) : note: see declaration of 'AActor::Tick'
[2018.09.25-08.12.58:231][629]CompilerResultsLog: Error: X:\Program Files\Epic Games\UE_4.19\Engine\Intermediate\Build\Win64\UE4Editor\Inc\Engine\GameModeBase.generated.h(12) : note: see declaration of 'AActor'
[2018.09.25-08.12.58:231][629]CompilerResultsLog: [4/5] Link UE4Editor-FIT2097_A2-1455.dll
[2018.09.25-08.12.58:231][629]CompilerResultsLog: [5/5] Link UE4Editor-FIT2097_A2-1455.lib
[2018.09.25-08.12.58:231][629]CompilerResultsLog:    Creating library E:\Uni\Semester 2\FIT2097\Assignment2\FIT2047_Assignment2_MaxwellGrinyov\FIT2097_A2\Intermediate\Build\Win64\UE4Editor\Development\UE4Editor-FIT2097_A2-1455.lib and object E:\Uni\Semester 2\FIT2097\Assignment2\FIT2047_Assignment2_MaxwellGrinyov\FIT2097_A2\Intermediate\Build\Win64\UE4Editor\Development\UE4Editor-FIT2097_A2-1455.exp
[2018.09.25-08.12.58:231][629]CompilerResultsLog:    Creating library E:\Uni\Semester 2\FIT2097\Assignment2\FIT2047_Assignment2_MaxwellGrinyov\FIT2097_A2\Intermediate\Build\Win64\UE4Editor\Development\UE4Editor-FIT2097_A2-1455.suppressed.lib and object E:\Uni\Semester 2\FIT2097\Assignment2\FIT2047_Assignment2_MaxwellGrinyov\FIT2097_A2\Intermediate\Build\Win64\UE4Editor\Development\UE4Editor-FIT2097_A2-1455.suppressed.exp
[2018.09.25-08.12.58:231][629]CompilerResultsLog: Total build time: 29.75 seconds (Local executor: 16.81 seconds)
[2018.09.25-08.12.58:231][629]LogMainFrame: MainFrame: Module compiling took 30.097 seconds
[2018.09.25-08.12.58:283][629]LogContentBrowser: Native class hierarchy updated for 'FIT2097_A2' in 0.0004 seconds. Added 2 classes and 2 folders.
[2018.09.25-08.12.58:285][629]Display: HotReload successful (0 functions remapped  0 scriptstructs remapped)
[2018.09.25-08.12.58:558][629]LogContentBrowser: Native class hierarchy populated in 0.0066 seconds. Added 2455 classes and 562 folders.
[2018.09.25-08.12.58:600][629]Display: HotReload took 30.5s.
[2018.09.25-08.13.23:950][707]LogTemp: Repeating last play command: Selected Viewport
[2018.09.25-08.13.24:096][707]LogBlueprintUserMessages: Early PlayInEditor Detection: Level '/Game/ThirdPersonCPP/Maps/ThirdPersonExampleMap.ThirdPersonExampleMap:PersistentLevel' has LevelScriptBlueprint '/Game/ThirdPersonCPP/Maps/ThirdPersonExampleMap.ThirdPersonExampleMap:PersistentLevel.ThirdPersonExampleMap' with GeneratedClass '/Game/ThirdPersonCPP/Maps/ThirdPersonExampleMap.ThirdPersonExampleMap_C' with ClassGeneratedBy '/Game/ThirdPersonCPP/Maps/ThirdPersonExampleMap.ThirdPersonExampleMap:PersistentLevel.ThirdPersonExampleMap'
[2018.09.25-08.13.24:096][707]LogPlayLevel: PlayLevel: No blueprints needed recompiling
[2018.09.25-08.13.24:096][707]PIE: New page: PIE session: ThirdPersonExampleMap (26 Sep 2018 4:13:24 am)
[2018.09.25-08.13.24:096][707]LogPlayLevel: Creating play world package: /Game/ThirdPersonCPP/Maps/UEDPIE_0_ThirdPersonExampleMap
[2018.09.25-08.13.24:107][707]LogPlayLevel: PIE: StaticDuplicateObject took: (0.010655s)
[2018.09.25-08.13.24:108][707]LogAIModule: Creating AISystem for world ThirdPersonExampleMap
[2018.09.25-08.13.24:108][707]LogPlayLevel: PIE: World Init took: (0.000982s)
[2018.09.25-08.13.24:108][707]LogPlayLevel: PIE: Created PIE world by copying editor world from /Game/ThirdPersonCPP/Maps/ThirdPersonExampleMap.ThirdPersonExampleMap to /Game/ThirdPersonCPP/Maps/UEDPIE_0_ThirdPersonExampleMap.ThirdPersonExampleMap (0.011993s)
[2018.09.25-08.13.24:124][707]LogInit: XAudio2 using 'Headphone Speakers (Realtek High Definition Audio)' : 2 channels at 48 kHz using 32 bits per sample (channel mask 0x3)
[2018.09.25-08.13.24:137][707]LogInit: FAudioDevice initialized.
[2018.09.25-08.13.24:192][707]LogLoad: Game class is 'FIT2097_A2GameMode'
[2018.09.25-08.13.24:194][707]LogWorld: Bringing World /Game/ThirdPersonCPP/Maps/UEDPIE_0_ThirdPersonExampleMap.ThirdPersonExampleMap up for play (max tick rate 0) at 2018.09.25-18.13.24
[2018.09.25-08.13.24:194][707]LogWorld: Bringing up level for play took: 0.001413
[2018.09.25-08.13.24:195][707]PIE: Play in editor start time for /Game/ThirdPersonCPP/Maps/UEDPIE_0_ThirdPersonExampleMap -0.12
[2018.09.25-08.13.24:195][707]LogBlueprintUserMessages: Late PlayInEditor Detection: Level '/Game/ThirdPersonCPP/Maps/ThirdPersonExampleMap.ThirdPersonExampleMap:PersistentLevel' has LevelScriptBlueprint '/Game/ThirdPersonCPP/Maps/ThirdPersonExampleMap.ThirdPersonExampleMap:PersistentLevel.ThirdPersonExampleMap' with GeneratedClass '/Game/ThirdPersonCPP/Maps/ThirdPersonExampleMap.ThirdPersonExampleMap_C' with ClassGeneratedBy '/Game/ThirdPersonCPP/Maps/ThirdPersonExampleMap.ThirdPersonExampleMap:PersistentLevel.ThirdPersonExampleMap'
[2018.09.25-08.15.52:984][540]LogBlueprintUserMessages: Early EndPlayMap Detection: Level '/Game/ThirdPersonCPP/Maps/ThirdPersonExampleMap.ThirdPersonExampleMap:PersistentLevel' has LevelScriptBlueprint '/Game/ThirdPersonCPP/Maps/ThirdPersonExampleMap.ThirdPersonExampleMap:PersistentLevel.ThirdPersonExampleMap' with GeneratedClass '/Game/ThirdPersonCPP/Maps/ThirdPersonExampleMap.ThirdPersonExampleMap_C' with ClassGeneratedBy '/Game/ThirdPersonCPP/Maps/ThirdPersonExampleMap.ThirdPersonExampleMap:PersistentLevel.ThirdPersonExampleMap'
[2018.09.25-08.15.53:015][540]LogBlueprintUserMessages: Late EndPlayMap Detection: Level '/Game/ThirdPersonCPP/Maps/ThirdPersonExampleMap.ThirdPersonExampleMap:PersistentLevel' has LevelScriptBlueprint '/Game/ThirdPersonCPP/Maps/ThirdPersonExampleMap.ThirdPersonExampleMap:PersistentLevel.ThirdPersonExampleMap' with GeneratedClass '/Game/ThirdPersonCPP/Maps/ThirdPersonExampleMap.ThirdPersonExampleMap_C' with ClassGeneratedBy '/Game/ThirdPersonCPP/Maps/ThirdPersonExampleMap.ThirdPersonExampleMap:PersistentLevel.ThirdPersonExampleMap'
[2018.09.25-08.15.53:667][588]LogSlate: FSceneViewport::OnFocusLost() reason 2
[2018.09.25-08.15.54:720][713]LogSlate: FSceneViewport::OnFocusLost() reason 2
[2018.09.25-08.15.57:545][713]LogTemp: Executing iPhonePackager certificates Engine -bundlename com.YourCompany.FIT2097A2
[2018.09.25-08.15.57:545][713]LogTemp: CWD: X:\Program Files\Epic Games\UE_4.19\Engine\Binaries\DotNET\IOS
[2018.09.25-08.15.57:545][713]LogTemp: Initial Dir: X:\Program Files\Epic Games\UE_4.19
[2018.09.25-08.15.57:545][713]LogTemp: Env CWD: X:\Program Files\Epic Games\UE_4.19\Engine\Binaries\DotNET\IOS
[2018.09.25-08.15.57:545][713]LogTemp: BranchPath = MAXCOMPUTER/X/Program Files/Epic Games/UE_4.19/Engine/Binaries --- GameBranchPath = MAXCOMPUTER/X/Program Files/Epic Games/UE_4.19/Engine/Binaries
[2018.09.25-08.15.57:545][713]LogTemp: IPP ERROR: Could not find provision directory 'C:\Users\Max\AppData\Local/Apple Computer/MobileDevice/Provisioning Profiles/'.
[2018.09.25-08.15.57:545][713]LogSlate: Only BGRA pngs, bmps or icos are supported in by External Image Picker
[2018.09.25-08.18.23:032][288]LogSlate: Window 'Project Settings' being destroyed
[2018.09.25-08.18.23:034][288]LogSlate: Window 'Project Settings' being destroyed
[2018.09.25-08.18.23:594][314]LogSlate: FSceneViewport::OnFocusLost() reason 0
[2018.09.25-08.18.23:660][322]LogTemp: Repeating last play command: Selected Viewport
[2018.09.25-08.18.25:196][322]LogBlueprintUserMessages: Early PlayInEditor Detection: Level '/Game/ThirdPersonCPP/Maps/ThirdPersonExampleMap.ThirdPersonExampleMap:PersistentLevel' has LevelScriptBlueprint '/Game/ThirdPersonCPP/Maps/ThirdPersonExampleMap.ThirdPersonExampleMap:PersistentLevel.ThirdPersonExampleMap' with GeneratedClass '/Game/ThirdPersonCPP/Maps/ThirdPersonExampleMap.ThirdPersonExampleMap_C' with ClassGeneratedBy '/Game/ThirdPersonCPP/Maps/ThirdPersonExampleMap.ThirdPersonExampleMap:PersistentLevel.ThirdPersonExampleMap'
[2018.09.25-08.18.25:196][322]LogPlayLevel: PlayLevel: No blueprints needed recompiling
[2018.09.25-08.18.25:196][322]PIE: New page: PIE session: ThirdPersonExampleMap (26 Sep 2018 4:18:25 am)
[2018.09.25-08.18.25:196][322]LogPlayLevel: Creating play world package: /Game/ThirdPersonCPP/Maps/UEDPIE_0_ThirdPersonExampleMap
[2018.09.25-08.18.25:208][322]LogPlayLevel: PIE: StaticDuplicateObject took: (0.011402s)
[2018.09.25-08.18.25:209][322]LogAIModule: Creating AISystem for world ThirdPersonExampleMap
[2018.09.25-08.18.25:209][322]LogPlayLevel: PIE: World Init took: (0.000936s)
[2018.09.25-08.18.25:209][322]LogPlayLevel: PIE: Created PIE world by copying editor world from /Game/ThirdPersonCPP/Maps/ThirdPersonExampleMap.ThirdPersonExampleMap to /Game/ThirdPersonCPP/Maps/UEDPIE_0_ThirdPersonExampleMap.ThirdPersonExampleMap (0.012737s)
[2018.09.25-08.18.25:223][322]LogInit: XAudio2 using 'Headphone Speakers (Realtek High Definition Audio)' : 2 channels at 48 kHz using 32 bits per sample (channel mask 0x3)
[2018.09.25-08.18.25:234][322]LogInit: FAudioDevice initialized.
[2018.09.25-08.18.25:276][322]LogLoad: Game class is 'FIT2097_A2GameMode'
[2018.09.25-08.18.25:278][322]LogWorld: Bringing World /Game/ThirdPersonCPP/Maps/UEDPIE_0_ThirdPersonExampleMap.ThirdPersonExampleMap up for play (max tick rate 0) at 2018.09.25-18.18.25
[2018.09.25-08.18.25:278][322]LogWorld: Bringing up level for play took: 0.001342
[2018.09.25-08.18.25:279][322]PIE: Play in editor start time for /Game/ThirdPersonCPP/Maps/UEDPIE_0_ThirdPersonExampleMap 0.965
[2018.09.25-08.18.25:279][322]LogBlueprintUserMessages: Late PlayInEditor Detection: Level '/Game/ThirdPersonCPP/Maps/ThirdPersonExampleMap.ThirdPersonExampleMap:PersistentLevel' has LevelScriptBlueprint '/Game/ThirdPersonCPP/Maps/ThirdPersonExampleMap.ThirdPersonExampleMap:PersistentLevel.ThirdPersonExampleMap' with GeneratedClass '/Game/ThirdPersonCPP/Maps/ThirdPersonExampleMap.ThirdPersonExampleMap_C' with ClassGeneratedBy '/Game/ThirdPersonCPP/Maps/ThirdPersonExampleMap.ThirdPersonExampleMap:PersistentLevel.ThirdPersonExampleMap'
[2018.09.25-08.19.29:886][793]LogBlueprintUserMessages: Early EndPlayMap Detection: Level '/Game/ThirdPersonCPP/Maps/ThirdPersonExampleMap.ThirdPersonExampleMap:PersistentLevel' has LevelScriptBlueprint '/Game/ThirdPersonCPP/Maps/ThirdPersonExampleMap.ThirdPersonExampleMap:PersistentLevel.ThirdPersonExampleMap' with GeneratedClass '/Game/ThirdPersonCPP/Maps/ThirdPersonExampleMap.ThirdPersonExampleMap_C' with ClassGeneratedBy '/Game/ThirdPersonCPP/Maps/ThirdPersonExampleMap.ThirdPersonExampleMap:PersistentLevel.ThirdPersonExampleMap'
[2018.09.25-08.19.29:922][793]LogBlueprintUserMessages: Late EndPlayMap Detection: Level '/Game/ThirdPersonCPP/Maps/ThirdPersonExampleMap.ThirdPersonExampleMap:PersistentLevel' has LevelScriptBlueprint '/Game/ThirdPersonCPP/Maps/ThirdPersonExampleMap.ThirdPersonExampleMap:PersistentLevel.ThirdPersonExampleMap' with GeneratedClass '/Game/ThirdPersonCPP/Maps/ThirdPersonExampleMap.ThirdPersonExampleMap_C' with ClassGeneratedBy '/Game/ThirdPersonCPP/Maps/ThirdPersonExampleMap.ThirdPersonExampleMap:PersistentLevel.ThirdPersonExampleMap'
[2018.09.25-08.19.30:817][895]LogSlate: FSceneViewport::OnFocusLost() reason 0
[2018.09.25-08.19.30:884][903]LogTemp: Repeating last play command: Selected Viewport
[2018.09.25-08.19.32:185][903]LogBlueprintUserMessages: Early PlayInEditor Detection: Level '/Game/ThirdPersonCPP/Maps/ThirdPersonExampleMap.ThirdPersonExampleMap:PersistentLevel' has LevelScriptBlueprint '/Game/ThirdPersonCPP/Maps/ThirdPersonExampleMap.ThirdPersonExampleMap:PersistentLevel.ThirdPersonExampleMap' with GeneratedClass '/Game/ThirdPersonCPP/Maps/ThirdPersonExampleMap.ThirdPersonExampleMap_C' with ClassGeneratedBy '/Game/ThirdPersonCPP/Maps/ThirdPersonExampleMap.ThirdPersonExampleMap:PersistentLevel.ThirdPersonExampleMap'
[2018.09.25-08.19.32:185][903]LogPlayLevel: PlayLevel: No blueprints needed recompiling
[2018.09.25-08.19.32:186][903]PIE: New page: PIE session: ThirdPersonExampleMap (26 Sep 2018 4:19:32 am)
[2018.09.25-08.19.32:186][903]LogPlayLevel: Creating play world package: /Game/ThirdPersonCPP/Maps/UEDPIE_0_ThirdPersonExampleMap
[2018.09.25-08.19.32:195][903]LogPlayLevel: PIE: StaticDuplicateObject took: (0.009631s)
[2018.09.25-08.19.32:196][903]LogAIModule: Creating AISystem for world ThirdPersonExampleMap
[2018.09.25-08.19.32:196][903]LogPlayLevel: PIE: World Init took: (0.000747s)
[2018.09.25-08.19.32:196][903]LogPlayLevel: PIE: Created PIE world by copying editor world from /Game/ThirdPersonCPP/Maps/ThirdPersonExampleMap.ThirdPersonExampleMap to /Game/ThirdPersonCPP/Maps/UEDPIE_0_ThirdPersonExampleMap.ThirdPersonExampleMap (0.010752s)
[2018.09.25-08.19.32:209][903]LogInit: XAudio2 using 'Headphone Speakers (Realtek High Definition Audio)' : 2 channels at 48 kHz using 32 bits per sample (channel mask 0x3)
[2018.09.25-08.19.32:220][903]LogInit: FAudioDevice initialized.
[2018.09.25-08.19.32:264][903]LogLoad: Game class is 'FIT2097_A2GameMode'
[2018.09.25-08.19.32:266][903]LogWorld: Bringing World /Game/ThirdPersonCPP/Maps/UEDPIE_0_ThirdPersonExampleMap.ThirdPersonExampleMap up for play (max tick rate 0) at 2018.09.25-18.19.32
[2018.09.25-08.19.32:266][903]LogWorld: Bringing up level for play took: 0.001249
[2018.09.25-08.19.32:267][903]PIE: Play in editor start time for /Game/ThirdPersonCPP/Maps/UEDPIE_0_ThirdPersonExampleMap -0.047
[2018.09.25-08.19.32:267][903]LogBlueprintUserMessages: Late PlayInEditor Detection: Level '/Game/ThirdPersonCPP/Maps/ThirdPersonExampleMap.ThirdPersonExampleMap:PersistentLevel' has LevelScriptBlueprint '/Game/ThirdPersonCPP/Maps/ThirdPersonExampleMap.ThirdPersonExampleMap:PersistentLevel.ThirdPersonExampleMap' with GeneratedClass '/Game/ThirdPersonCPP/Maps/ThirdPersonExampleMap.ThirdPersonExampleMap_C' with ClassGeneratedBy '/Game/ThirdPersonCPP/Maps/ThirdPersonExampleMap.ThirdPersonExampleMap:PersistentLevel.ThirdPersonExampleMap'
[2018.09.25-08.19.41:967][147]LogBlueprintUserMessages: Early EndPlayMap Detection: Level '/Game/ThirdPersonCPP/Maps/ThirdPersonExampleMap.ThirdPersonExampleMap:PersistentLevel' has LevelScriptBlueprint '/Game/ThirdPersonCPP/Maps/ThirdPersonExampleMap.ThirdPersonExampleMap:PersistentLevel.ThirdPersonExampleMap' with GeneratedClass '/Game/ThirdPersonCPP/Maps/ThirdPersonExampleMap.ThirdPersonExampleMap_C' with ClassGeneratedBy '/Game/ThirdPersonCPP/Maps/ThirdPersonExampleMap.ThirdPersonExampleMap:PersistentLevel.ThirdPersonExampleMap'
[2018.09.25-08.19.41:999][147]LogBlueprintUserMessages: Late EndPlayMap Detection: Level '/Game/ThirdPersonCPP/Maps/ThirdPersonExampleMap.ThirdPersonExampleMap:PersistentLevel' has LevelScriptBlueprint '/Game/ThirdPersonCPP/Maps/ThirdPersonExampleMap.ThirdPersonExampleMap:PersistentLevel.ThirdPersonExampleMap' with GeneratedClass '/Game/ThirdPersonCPP/Maps/ThirdPersonExampleMap.ThirdPersonExampleMap_C' with ClassGeneratedBy '/Game/ThirdPersonCPP/Maps/ThirdPersonExampleMap.ThirdPersonExampleMap:PersistentLevel.ThirdPersonExampleMap'
[2018.09.25-08.19.42:452][172]Cmd: SELECT NONE
[2018.09.25-08.21.40:413][634]LogSlate: FSceneViewport::OnFocusLost() reason 0
[2018.09.25-08.21.44:192][ 84]LogSlate: Took 0.000133 seconds to synchronously load lazily loaded font '../../../Engine/Content/Slate/Fonts/Roboto-Light.ttf' (167K)
[2018.09.25-08.21.44:380][ 84]LogContentBrowser: Native class hierarchy updated for 'BlueprintGraph' in 0.0006 seconds. Added 116 classes and 0 folders.
[2018.09.25-08.21.44:582][ 84]LogUObjectGlobals: Created PersistentFrame Addr=0x000001bf95025378, Size=4, Default__SKEL_PROTO_BP_AnimBlueprint_0_C Function /Engine/Transient.SKEL_PROTO_BP_AnimBlueprint_0_C:ExecuteUbergraph_PROTO_BP_AnimBlueprint_0
[2018.09.25-08.21.44:582][ 84]LogUObjectGlobals: Created PersistentFrame Addr=0x000001bf95025370, Size=4, Default__PROTO_BP_AnimBlueprint_0_C Function /Engine/Transient.PROTO_BP_AnimBlueprint_0_C:ExecuteUbergraph_PROTO_BP_AnimBlueprint_0
[2018.09.25-08.21.46:342][238]LogSlate: Window 'ThirdPersonCharacter' being destroyed
[2018.09.25-08.21.46:396][238]LogSlate: FSceneViewport::OnFocusLost() reason 2
[2018.09.25-08.21.46:596][238]LogSlate: Took 0.000209 seconds to synchronously load lazily loaded font '../../../Engine/Content/Slate/Fonts/Roboto-BoldCondensed.ttf' (158K)
[2018.09.25-08.26.26:429][745]LogSlate: FSceneViewport::OnFocusLost() reason 0
[2018.09.25-08.29.59:640][ 44]LogTemp: Repeating last play command: Selected Viewport
[2018.09.25-08.29.59:864][ 44]LogBlueprintUserMessages: Early PlayInEditor Detection: Level '/Game/ThirdPersonCPP/Maps/ThirdPersonExampleMap.ThirdPersonExampleMap:PersistentLevel' has LevelScriptBlueprint '/Game/ThirdPersonCPP/Maps/ThirdPersonExampleMap.ThirdPersonExampleMap:PersistentLevel.ThirdPersonExampleMap' with GeneratedClass '/Game/ThirdPersonCPP/Maps/ThirdPersonExampleMap.ThirdPersonExampleMap_C' with ClassGeneratedBy '/Game/ThirdPersonCPP/Maps/ThirdPersonExampleMap.ThirdPersonExampleMap:PersistentLevel.ThirdPersonExampleMap'
[2018.09.25-08.29.59:864][ 44]LogPlayLevel: PlayLevel: No blueprints needed recompiling
[2018.09.25-08.29.59:865][ 44]PIE: New page: PIE session: ThirdPersonExampleMap (26 Sep 2018 4:29:59 am)
[2018.09.25-08.29.59:865][ 44]LogPlayLevel: Creating play world package: /Game/ThirdPersonCPP/Maps/UEDPIE_0_ThirdPersonExampleMap
[2018.09.25-08.29.59:876][ 44]LogPlayLevel: PIE: StaticDuplicateObject took: (0.010885s)
[2018.09.25-08.29.59:877][ 44]LogAIModule: Creating AISystem for world ThirdPersonExampleMap
[2018.09.25-08.29.59:877][ 44]LogPlayLevel: PIE: World Init took: (0.000966s)
[2018.09.25-08.29.59:877][ 44]LogPlayLevel: PIE: Created PIE world by copying editor world from /Game/ThirdPersonCPP/Maps/ThirdPersonExampleMap.ThirdPersonExampleMap to /Game/ThirdPersonCPP/Maps/UEDPIE_0_ThirdPersonExampleMap.ThirdPersonExampleMap (0.012225s)
[2018.09.25-08.29.59:930][ 44]LogInit: XAudio2 using 'Headphone Speakers (Realtek High Definition Audio)' : 2 channels at 48 kHz using 32 bits per sample (channel mask 0x3)
[2018.09.25-08.29.59:940][ 44]LogInit: FAudioDevice initialized.
[2018.09.25-08.29.59:973][ 44]LogLoad: Game class is 'FIT2097_A2GameMode'
[2018.09.25-08.29.59:975][ 44]LogWorld: Bringing World /Game/ThirdPersonCPP/Maps/UEDPIE_0_ThirdPersonExampleMap.ThirdPersonExampleMap up for play (max tick rate 0) at 2018.09.25-18.29.59
[2018.09.25-08.29.59:975][ 44]LogWorld: Bringing up level for play took: 0.001319
[2018.09.25-08.29.59:976][ 44]PIE: Play in editor start time for /Game/ThirdPersonCPP/Maps/UEDPIE_0_ThirdPersonExampleMap -0.338
[2018.09.25-08.29.59:976][ 44]LogBlueprintUserMessages: Late PlayInEditor Detection: Level '/Game/ThirdPersonCPP/Maps/ThirdPersonExampleMap.ThirdPersonExampleMap:PersistentLevel' has LevelScriptBlueprint '/Game/ThirdPersonCPP/Maps/ThirdPersonExampleMap.ThirdPersonExampleMap:PersistentLevel.ThirdPersonExampleMap' with GeneratedClass '/Game/ThirdPersonCPP/Maps/ThirdPersonExampleMap.ThirdPersonExampleMap_C' with ClassGeneratedBy '/Game/ThirdPersonCPP/Maps/ThirdPersonExampleMap.ThirdPersonExampleMap:PersistentLevel.ThirdPersonExampleMap'
[2018.09.25-08.34.55:627][625]LogBlueprintUserMessages: Early EndPlayMap Detection: Level '/Game/ThirdPersonCPP/Maps/ThirdPersonExampleMap.ThirdPersonExampleMap:PersistentLevel' has LevelScriptBlueprint '/Game/ThirdPersonCPP/Maps/ThirdPersonExampleMap.ThirdPersonExampleMap:PersistentLevel.ThirdPersonExampleMap' with GeneratedClass '/Game/ThirdPersonCPP/Maps/ThirdPersonExampleMap.ThirdPersonExampleMap_C' with ClassGeneratedBy '/Game/ThirdPersonCPP/Maps/ThirdPersonExampleMap.ThirdPersonExampleMap:PersistentLevel.ThirdPersonExampleMap'
[2018.09.25-08.34.55:662][625]LogBlueprintUserMessages: Late EndPlayMap Detection: Level '/Game/ThirdPersonCPP/Maps/ThirdPersonExampleMap.ThirdPersonExampleMap:PersistentLevel' has LevelScriptBlueprint '/Game/ThirdPersonCPP/Maps/ThirdPersonExampleMap.ThirdPersonExampleMap:PersistentLevel.ThirdPersonExampleMap' with GeneratedClass '/Game/ThirdPersonCPP/Maps/ThirdPersonExampleMap.ThirdPersonExampleMap_C' with ClassGeneratedBy '/Game/ThirdPersonCPP/Maps/ThirdPersonExampleMap.ThirdPersonExampleMap:PersistentLevel.ThirdPersonExampleMap'
[2018.09.25-08.38.33:271][458]LogSlate: FSceneViewport::OnFocusLost() reason 2
[2018.09.25-08.38.36:071][776]LogSlate: FSceneViewport::OnFocusLost() reason 0
[2018.09.25-08.38.36:138][784]LogTemp: Repeating last play command: Selected Viewport
[2018.09.25-08.38.36:667][784]LogBlueprintUserMessages: Early PlayInEditor Detection: Level '/Game/ThirdPersonCPP/Maps/ThirdPersonExampleMap.ThirdPersonExampleMap:PersistentLevel' has LevelScriptBlueprint '/Game/ThirdPersonCPP/Maps/ThirdPersonExampleMap.ThirdPersonExampleMap:PersistentLevel.ThirdPersonExampleMap' with GeneratedClass '/Game/ThirdPersonCPP/Maps/ThirdPersonExampleMap.ThirdPersonExampleMap_C' with ClassGeneratedBy '/Game/ThirdPersonCPP/Maps/ThirdPersonExampleMap.ThirdPersonExampleMap:PersistentLevel.ThirdPersonExampleMap'
[2018.09.25-08.38.36:667][784]LogPlayLevel: PlayLevel: No blueprints needed recompiling
[2018.09.25-08.38.36:667][784]PIE: New page: PIE session: ThirdPersonExampleMap (26 Sep 2018 4:38:36 am)
[2018.09.25-08.38.36:667][784]LogPlayLevel: Creating play world package: /Game/ThirdPersonCPP/Maps/UEDPIE_0_ThirdPersonExampleMap
[2018.09.25-08.38.36:679][784]LogPlayLevel: PIE: StaticDuplicateObject took: (0.011557s)
[2018.09.25-08.38.36:680][784]LogAIModule: Creating AISystem for world ThirdPersonExampleMap
[2018.09.25-08.38.36:680][784]LogPlayLevel: PIE: World Init took: (0.000930s)
[2018.09.25-08.38.36:680][784]LogPlayLevel: PIE: Created PIE world by copying editor world from /Game/ThirdPersonCPP/Maps/ThirdPersonExampleMap.ThirdPersonExampleMap to /Game/ThirdPersonCPP/Maps/UEDPIE_0_ThirdPersonExampleMap.ThirdPersonExampleMap (0.012969s)
[2018.09.25-08.38.36:702][784]LogInit: XAudio2 using 'Headphone Speakers (Realtek High Definition Audio)' : 2 channels at 48 kHz using 32 bits per sample (channel mask 0x3)
[2018.09.25-08.38.36:714][784]LogInit: FAudioDevice initialized.
[2018.09.25-08.38.36:746][784]LogLoad: Game class is 'FIT2097_A2GameMode'
[2018.09.25-08.38.36:748][784]LogWorld: Bringing World /Game/ThirdPersonCPP/Maps/UEDPIE_0_ThirdPersonExampleMap.ThirdPersonExampleMap up for play (max tick rate 0) at 2018.09.25-18.38.36
[2018.09.25-08.38.36:748][784]LogWorld: Bringing up level for play took: 0.001374
[2018.09.25-08.38.36:749][784]PIE: Play in editor start time for /Game/ThirdPersonCPP/Maps/UEDPIE_0_ThirdPersonExampleMap 0.435
[2018.09.25-08.38.36:749][784]LogBlueprintUserMessages: Late PlayInEditor Detection: Level '/Game/ThirdPersonCPP/Maps/ThirdPersonExampleMap.ThirdPersonExampleMap:PersistentLevel' has LevelScriptBlueprint '/Game/ThirdPersonCPP/Maps/ThirdPersonExampleMap.ThirdPersonExampleMap:PersistentLevel.ThirdPersonExampleMap' with GeneratedClass '/Game/ThirdPersonCPP/Maps/ThirdPersonExampleMap.ThirdPersonExampleMap_C' with ClassGeneratedBy '/Game/ThirdPersonCPP/Maps/ThirdPersonExampleMap.ThirdPersonExampleMap:PersistentLevel.ThirdPersonExampleMap'
